[debug] [2023-12-15T10:13:59.484Z] ----------------------------------------------------------------------
[debug] [2023-12-15T10:13:59.497Z] Command:       C:\Program Files\nodejs\node.exe C:\Users\chijioke\AppData\Roaming\npm\node_modules\firebase-tools\lib\bin\firebase.js init
[debug] [2023-12-15T10:13:59.499Z] CLI Version:   13.0.2
[debug] [2023-12-15T10:13:59.502Z] Platform:      win32
[debug] [2023-12-15T10:13:59.504Z] Node Version:  v18.14.1
[debug] [2023-12-15T10:13:59.508Z] Time:          Fri Dec 15 2023 02:13:59 GMT-0800 (Pacific Standard Time)
[debug] [2023-12-15T10:13:59.509Z] ----------------------------------------------------------------------
[debug] 
[debug] [2023-12-15T10:13:59.556Z] > command requires scopes: ["email","openid","https://www.googleapis.com/auth/cloudplatformprojects.readonly","https://www.googleapis.com/auth/firebase","https://www.googleapis.com/auth/cloud-platform"]
[debug] [2023-12-15T10:13:59.560Z] > authorizing via signed-in user (superkingsely@gmail.com)
[info] 
     ######## #### ########  ######## ########     ###     ######  ########
     ##        ##  ##     ## ##       ##     ##  ##   ##  ##       ##
     ######    ##  ########  ######   ########  #########  ######  ######
     ##        ##  ##    ##  ##       ##     ## ##     ##       ## ##
     ##       #### ##     ## ######## ########  ##     ##  ######  ########

You're about to initialize a Firebase project in this directory:

  C:\Users\chijioke\Desktop\real-estate\Real-estate\frontend\Angular-app

[info] 
=== Project Setup
[info] 
[info] First, let's associate this project directory with a Firebase project.
[info] You can create multiple project aliases by running firebase use --add, 
[info] but for now we'll just set up a default project.
[info] 
[debug] [2023-12-15T10:15:02.783Z] >>> [apiv2][query] GET https://firebase.googleapis.com/v1beta1/projects pageSize=100
[debug] [2023-12-15T10:15:04.058Z] <<< [apiv2][status] GET https://firebase.googleapis.com/v1beta1/projects 200
[debug] [2023-12-15T10:15:04.059Z] <<< [apiv2][body] GET https://firebase.googleapis.com/v1beta1/projects [omitted]
[info] i  Using project superking-real-estate (Real-Estate) 
[info] 
=== Hosting Setup
[debug] [2023-12-15T10:15:27.160Z] >>> [apiv2][query] GET https://firebase.googleapis.com/v1beta1/projects/superking-real-estate [none]
[debug] [2023-12-15T10:15:27.938Z] <<< [apiv2][status] GET https://firebase.googleapis.com/v1beta1/projects/superking-real-estate 200
[debug] [2023-12-15T10:15:27.939Z] <<< [apiv2][body] GET https://firebase.googleapis.com/v1beta1/projects/superking-real-estate {"projectId":"superking-real-estate","projectNumber":"805783271992","displayName":"Real-Estate","name":"projects/superking-real-estate","resources":{"hostingSite":"superking-real-estate"},"state":"ACTIVE","etag":"1_9b59e7b5-cd52-4368-ab5c-d3a188881109"}
[info] 
[info] Your public directory is the folder (relative to your project directory) that
[info] will contain Hosting assets to be uploaded with firebase deploy. If you
[info] have a build process for your assets, use your build's output directory.
[info] 
[debug] [2023-12-15T11:11:37.796Z] >>> [apiv2][query] GET https://www.gstatic.com/firebasejs/releases.json [none]
[debug] [2023-12-15T11:11:38.343Z] <<< [apiv2][status] GET https://www.gstatic.com/firebasejs/releases.json 200
[debug] [2023-12-15T11:11:38.344Z] <<< [apiv2][body] GET https://www.gstatic.com/firebasejs/releases.json {"current":{"version":"10.7.1","browserURL":"https://www.gstatic.com/firebasejs/10.7.1/firebase.js","packageURL":"https://www.gstatic.com/firebasejs/10.7.1/firebase.tgz"},"live":{"version":"10.7","browserURL":"https://www.gstatic.com/firebasejs/live/10.7/firebase.js","packageURL":"https://www.gstatic.com/firebasejs/live/10.7/firebase.tgz"},"components":{"analytics":"https://www.gstatic.com/firebasejs/10.7.1/firebase-analytics.js","app":"https://www.gstatic.com/firebasejs/10.7.1/firebase-app.js","app-check":"https://www.gstatic.com/firebasejs/10.7.1/firebase-app-check.js","auth":"https://www.gstatic.com/firebasejs/10.7.1/firebase-auth.js","auth/cordova":"https://www.gstatic.com/firebasejs/10.7.1/firebase-auth/cordova.js","functions":"https://www.gstatic.com/firebasejs/10.7.1/firebase-functions.js","firestore":"https://www.gstatic.com/firebasejs/10.7.1/firebase-firestore.js","firestore/lite":"https://www.gstatic.com/firebasejs/10.7.1/firebase-firestore/lite.js","installations":"https://www.gstatic.com/firebasejs/10.7.1/firebase-installations.js","storage":"https://www.gstatic.com/firebasejs/10.7.1/firebase-storage.js","performance":"https://www.gstatic.com/firebasejs/10.7.1/firebase-performance.js","remote-config":"https://www.gstatic.com/firebasejs/10.7.1/firebase-remote-config.js","messaging":"https://www.gstatic.com/firebasejs/10.7.1/firebase-messaging.js","messaging/sw":"https://www.gstatic.com/firebasejs/10.7.1/firebase-messaging/sw.js","database":"https://www.gstatic.com/firebasejs/10.7.1/firebase-database.js","firestore.memory":"https://www.gstatic.com/firebasejs/10.7.1/firebase-firestore.memory.js"}}
[info] +  Wrote dist/angular-app/index.html 
[info] 
[info] i  Detected a .git folder at C:\Users\chijioke\Desktop\real-estate\Real-estate 
[info] i  Authorizing with GitHub to upload your service account to a GitHub repository's secrets store. 
[info] 
[info] Visit this URL on this device to log in:
[info] https://github.com/login/oauth/authorize?client_id=89cf50f02ac6aaed3484&state=695115469&redirect_uri=http%3A%2F%2Flocalhost%3A9005&scope=read%3Auser%20repo%20public_repo
[info] 
[info] Waiting for authentication...
[debug] [2023-12-15T11:12:04.041Z] >>> [apiv2][query] POST https://github.com/login/oauth/access_token [none]
[debug] [2023-12-15T11:12:04.042Z] >>> [apiv2][body] POST https://github.com/login/oauth/access_token [stream]
[debug] [2023-12-15T11:12:04.940Z] <<< [apiv2][status] POST https://github.com/login/oauth/access_token 200
[debug] [2023-12-15T11:12:04.940Z] <<< [apiv2][body] POST https://github.com/login/oauth/access_token {"access_token":"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","token_type":"bearer","scope":"read:user,repo"}
[debug] [2023-12-15T11:12:05.013Z] >>> [apiv2][query] GET https://api.github.com/user [none]
[debug] [2023-12-15T11:12:05.923Z] <<< [apiv2][status] GET https://api.github.com/user 200
[debug] [2023-12-15T11:12:05.924Z] <<< [apiv2][body] GET https://api.github.com/user {"login":"superkingsely","id":85269829,"node_id":"MDQ6VXNlcjg1MjY5ODI5","avatar_url":"https://avatars.githubusercontent.com/u/85269829?v=4","gravatar_id":"","url":"https://api.github.com/users/superkingsely","html_url":"https://github.com/superkingsely","followers_url":"https://api.github.com/users/superkingsely/followers","following_url":"https://api.github.com/users/superkingsely/following{/other_user}","gists_url":"https://api.github.com/users/superkingsely/gists{/gist_id}","starred_url":"https://api.github.com/users/superkingsely/starred{/owner}{/repo}","subscriptions_url":"https://api.github.com/users/superkingsely/subscriptions","organizations_url":"https://api.github.com/users/superkingsely/orgs","repos_url":"https://api.github.com/users/superkingsely/repos","events_url":"https://api.github.com/users/superkingsely/events{/privacy}","received_events_url":"https://api.github.com/users/superkingsely/received_events","type":"User","site_admin":false,"name":"onwumelu chijioke","company":null,"blog":"","location":null,"email":null,"hireable":null,"bio":null,"twitter_username":null,"public_repos":37,"public_gists":0,"followers":5,"following":6,"created_at":"2021-06-03T03:26:11Z","updated_at":"2023-12-15T11:12:09Z","private_gists":0,"total_private_repos":3,"owned_private_repos":3,"disk_usage":62799,"collaborators":1,"two_factor_authentication":false,"plan":{"name":"free","space":976562499,"collaborators":0,"private_repos":10000}}
[info] 
[info] +  Success! Logged into GitHub as superkingsely 
[info] 
